<?xml version="1.0" encoding="UTF-8"?>
<testng-results skipped="0" failed="0" total="1" passed="1">
  <reporter-output>
  </reporter-output>
  <suite name="Suite" duration-ms="73" started-at="2020-04-24T11:12:23Z" finished-at="2020-04-24T11:12:23Z">
    <groups>
    </groups>
    <test name="Test" duration-ms="73" started-at="2020-04-24T11:12:23Z" finished-at="2020-04-24T11:12:23Z">
      <class name="com.Jenkins.JenkinsDemo">
        <test-method status="PASS" signature="JenkinsTest()[pri:0, instance:com.Jenkins.JenkinsDemo@34b7bfc0]" name="JenkinsTest" duration-ms="37" started-at="2020-04-24T17:12:23Z" finished-at="2020-04-24T17:12:23Z">
          <reporter-output>
          </reporter-output>
        </test-method> <!-- JenkinsTest -->
      </class> <!-- com.Jenkins.JenkinsDemo -->
    </test> <!-- Test -->
  </suite> <!-- Suite -->
</testng-results>
