<?xml version="1.0" encoding="UTF-8"?>
<testng-results skipped="0" failed="0" ignored="0" total="2" passed="2">
  <reporter-output>
  </reporter-output>
  <suite name="Default suite" duration-ms="38384" started-at="2020-04-23T15:35:45Z" finished-at="2020-04-23T15:36:23Z">
    <groups>
    </groups>
    <test name="Default test" duration-ms="38384" started-at="2020-04-23T15:35:45Z" finished-at="2020-04-23T15:36:23Z">
      <class name="com.Jenkins.Demo_Jenkins">
        <test-method status="PASS" signature="driverSetup()[pri:0, instance:com.Jenkins.Demo_Jenkins@71318ec4]" name="driverSetup" is-config="true" duration-ms="35968" started-at="2020-04-23T21:35:45Z" finished-at="2020-04-23T21:36:21Z">
          <reporter-output>
          </reporter-output>
        </test-method> <!-- driverSetup -->
        <test-method status="PASS" signature="JenkinsTest()[pri:1, instance:com.Jenkins.Demo_Jenkins@71318ec4]" name="JenkinsTest" duration-ms="91" started-at="2020-04-23T21:36:21Z" finished-at="2020-04-23T21:36:21Z">
          <reporter-output>
          </reporter-output>
        </test-method> <!-- JenkinsTest -->
        <test-method status="PASS" signature="JenkinsTitleTest()[pri:2, instance:com.Jenkins.Demo_Jenkins@71318ec4]" name="JenkinsTitleTest" duration-ms="2264" started-at="2020-04-23T21:36:21Z" finished-at="2020-04-23T21:36:23Z">
          <reporter-output>
          </reporter-output>
        </test-method> <!-- JenkinsTitleTest -->
      </class> <!-- com.Jenkins.Demo_Jenkins -->
    </test> <!-- Default test -->
  </suite> <!-- Default suite -->
</testng-results>
