<?xml version="1.0" encoding="UTF-8"?>
<testng-results skipped="0" failed="0" ignored="0" total="1" passed="1">
  <reporter-output>
  </reporter-output>
  <suite name="Default suite" duration-ms="29089" started-at="2020-04-21T10:01:23Z" finished-at="2020-04-21T10:01:52Z">
    <groups>
    </groups>
    <test name="Default test" duration-ms="29089" started-at="2020-04-21T10:01:23Z" finished-at="2020-04-21T10:01:52Z">
      <class name="com.ScreenRecorder.VideoRecoder_Test">
        <test-method status="PASS" signature="setup()[pri:0, instance:com.ScreenRecorder.VideoRecoder_Test@71318ec4]" name="setup" is-config="true" duration-ms="12799" started-at="2020-04-21T16:01:23Z" finished-at="2020-04-21T16:01:36Z">
          <reporter-output>
          </reporter-output>
        </test-method> <!-- setup -->
        <test-method status="PASS" signature="verifyLinks()[pri:0, instance:com.ScreenRecorder.VideoRecoder_Test@71318ec4]" name="verifyLinks" duration-ms="9222" started-at="2020-04-21T16:01:36Z" finished-at="2020-04-21T16:01:45Z">
          <reporter-output>
          </reporter-output>
        </test-method> <!-- verifyLinks -->
        <test-method status="PASS" signature="tearDown()[pri:0, instance:com.ScreenRecorder.VideoRecoder_Test@71318ec4]" name="tearDown" is-config="true" duration-ms="7034" started-at="2020-04-21T16:01:45Z" finished-at="2020-04-21T16:01:52Z">
          <reporter-output>
          </reporter-output>
        </test-method> <!-- tearDown -->
      </class> <!-- com.ScreenRecorder.VideoRecoder_Test -->
    </test> <!-- Default test -->
  </suite> <!-- Default suite -->
</testng-results>
