<?xml version="1.0" encoding="UTF-8"?>
<!-- Generated by org.testng.reporters.JUnitXMLReporter -->
<testsuite hostname="Nayem" ignored="0" name="order" tests="4" failures="0" timestamp="17 Apr 2020 12:41:09 GMT" time="0.066" errors="0">
  <testcase name="testFindOrder" time="0.007" classname="com.TestNG_MultipleTest.TestOrder"/>
  <testcase name="testMakeEmptyOrder" time="0.003" classname="com.TestNG_MultipleTest.TestOrder"/>
  <testcase name="testMakeOrder" time="0.008" classname="com.TestNG_MultipleTest.TestOrder"/>
  <testcase name="testUpdateOrder" time="0.006" classname="com.TestNG_MultipleTest.TestOrder"/>
</testsuite> <!-- order -->
