<?xml version="1.0" encoding="UTF-8"?>
<!-- Generated by org.testng.reporters.JUnitXMLReporter -->
<testsuite hostname="Nayem" ignored="0" name="Test" tests="22" failures="0" timestamp="18 Apr 2020 11:41:34 GMT" time="72.655" errors="0">
  <testcase name="loginTest" time="0.006" classname="com.TestNG_MultipleTest_New.DependsOnMethod"/>
  <testcase name="googleTitleTest" time="0.019" classname="com.TestNG_MultipleTest_New.WebTitleTest"/>
  <testcase name="logoTest" time="0.139" classname="com.TestNG_MultipleTest_New.WebTitleTest"/>
  <testcase name="sum" time="0.002" classname="com.TestNG_MultipleTest_New.InvocationCountTest"/>
  <testcase name="sum" time="0.002" classname="com.TestNG_MultipleTest_New.InvocationCountTest"/>
  <testcase name="sum" time="0.002" classname="com.TestNG_MultipleTest_New.InvocationCountTest"/>
  <testcase name="sum" time="0.001" classname="com.TestNG_MultipleTest_New.InvocationCountTest"/>
  <testcase name="sum" time="0.002" classname="com.TestNG_MultipleTest_New.InvocationCountTest"/>
  <testcase name="sum" time="0.006" classname="com.TestNG_MultipleTest_New.InvocationCountTest"/>
  <testcase name="sum" time="0.002" classname="com.TestNG_MultipleTest_New.InvocationCountTest"/>
  <testcase name="sum" time="0.002" classname="com.TestNG_MultipleTest_New.InvocationCountTest"/>
  <testcase name="sum" time="0.003" classname="com.TestNG_MultipleTest_New.InvocationCountTest"/>
  <testcase name="sum" time="0.006" classname="com.TestNG_MultipleTest_New.InvocationCountTest"/>
  <testcase name="TitleTest" time="0.018" classname="com.TestNG_MultipleTest_New.TestNG_New"/>
  <testcase name="homePageTest" time="0.001" classname="com.TestNG_MultipleTest_New.DependsOnMethod"/>
  <testcase name="featureTest" time="0.002" classname="com.TestNG_MultipleTest_New.DependsOnMethod"/>
  <testcase name="showURL" time="0.034" classname="com.TestNG_MultipleTest_New.MoreTestCases"/>
  <testcase name="TitleTest" time="0.039" classname="com.TestNG_MultipleTest_New.MoreTestCases"/>
  <testcase name="textOne" time="0.003" classname="com.TestNG_MultipleTest_New.MoreTestCases"/>
  <testcase name="testTwo" time="0.002" classname="com.TestNG_MultipleTest_New.MoreTestCases"/>
  <testcase name="testThree" time="0.001" classname="com.TestNG_MultipleTest_New.MoreTestCases"/>
  <testcase name="logoTest" time="0.136" classname="com.TestNG_MultipleTest_New.MoreTestCases"/>
</testsuite> <!-- Test -->
